<?xml version="1.0" encoding="UTF-8"?>
<!-- Generated by org.testng.reporters.JUnitXMLReporter -->
<testsuite hostname="qc" ignored="3" name="Hostel Booking" tests="3" failures="0" timestamp="16 Jun 2018 11:07:45 GMT" time="17.852" errors="0">
  <testcase name="hostels" time="2.844" classname="com.guest.booking.HostelList"/>
  <testcase name="priceList" time="2.079" classname="com.guest.booking.HostelQuotePrice"/>
  <testcase name="bookRoom" time="2.033" classname="com.guest.booking.Booking"/>
  <testcase name="@BeforeTest launch" time="0.0" classname="com.guest.booking.HostelView">
    <ignored/>
  </testcase> <!-- @BeforeTest launch -->
  <testcase name="@BeforeTest launch" time="0.0" classname="com.guest.booking.HostelView">
    <ignored/>
  </testcase> <!-- @BeforeTest launch -->
  <testcase name="@BeforeTest launch" time="0.0" classname="com.guest.booking.HostelView">
    <ignored/>
  </testcase> <!-- @BeforeTest launch -->
</testsuite> <!-- Hostel Booking -->
