<?xml version="1.0" encoding="UTF-8"?>
<testng-results skipped="0" failed="0" ignored="0" total="1" passed="1">
  <reporter-output>
  </reporter-output>
  <suite name="Default suite" duration-ms="38099" started-at="2018-06-27T07:41:30Z" finished-at="2018-06-27T07:42:08Z">
    <groups>
    </groups>
    <test name="Default test" duration-ms="38099" started-at="2018-06-27T07:41:30Z" finished-at="2018-06-27T07:42:08Z">
      <class name="com.main.classes.AddHostel">
        <test-method status="PASS" signature="mainTest()[pri:0, instance:com.main.classes.AddHostel@33c7e1bb]" name="mainTest" duration-ms="38061" started-at="2018-06-27T07:41:30Z" finished-at="2018-06-27T07:42:08Z">
          <reporter-output>
          </reporter-output>
        </test-method> <!-- mainTest -->
      </class> <!-- com.main.classes.AddHostel -->
    </test> <!-- Default test -->
  </suite> <!-- Default suite -->
</testng-results>
